<?xml version="1.0" encoding="UTF-8"?>
<testsuite name="edu.touro.mco152.bm.NonSwingTest" tests="2" skipped="0" failures="0" errors="0" timestamp="2020-12-06T15:03:11" hostname="FALCON-HEAVY" time="11.541">
  <properties/>
  <testcase name="writeTest()" classname="edu.touro.mco152.bm.NonSwingTest" time="9.266"/>
  <testcase name="readTest()" classname="edu.touro.mco152.bm.NonSwingTest" time="2.274"/>
  <system-out><![CDATA[Config for Java Disk Mark 0.4
readTest: true
writeTest: false
locationDir: D:\Users\Shalom
multiFile: true
autoRemoveData: false
autoReset: true
blockSequence: SEQUENTIAL
showMaxMin: true
numOfFiles: 5
numOfBlocks: 256
blockSizeKb: 128

os: Windows 10

DiskModel               DriveLetter
---------               -----------
SanDisk SD9SN8W128G1002 C:         
TOSHIBA MQ04ABF100      D:         
model is: TOSHIBA MQ04ABF100      
Mark(WRITE): 1 bwMbSec: 79.632 avg: 79.632
[EL Fine]: server: 2020-12-06 17:03:17.467--Thread(Thread[Test worker,5,main])--Configured server platform: org.eclipse.persistence.platform.server.NoServerPlatform
[EL Config]: metadata: 2020-12-06 17:03:17.884--ServerSession(268322974)--Thread(Thread[Test worker,5,main])--The access type for the persistent class [class edu.touro.mco152.bm.persist.DiskRun] is set to [FIELD].
[EL Config]: metadata: 2020-12-06 17:03:17.944--ServerSession(268322974)--Thread(Thread[Test worker,5,main])--The alias name for the entity class [class edu.touro.mco152.bm.persist.DiskRun] is being defaulted to: DiskRun.
[EL Config]: metadata: 2020-12-06 17:03:17.984--ServerSession(268322974)--Thread(Thread[Test worker,5,main])--The column name for element [ioMode] is being defaulted to: IOMODE.
[EL Config]: metadata: 2020-12-06 17:03:17.991--ServerSession(268322974)--Thread(Thread[Test worker,5,main])--The column name for element [numMarks] is being defaulted to: NUMMARKS.
[EL Config]: metadata: 2020-12-06 17:03:17.992--ServerSession(268322974)--Thread(Thread[Test worker,5,main])--The column name for element [runMin] is being defaulted to: RUNMIN.
[EL Config]: metadata: 2020-12-06 17:03:17.993--ServerSession(268322974)--Thread(Thread[Test worker,5,main])--The column name for element [runAvg] is being defaulted to: RUNAVG.
[EL Config]: metadata: 2020-12-06 17:03:18.002--ServerSession(268322974)--Thread(Thread[Test worker,5,main])--The column name for element [diskInfo] is being defaulted to: DISKINFO.
[EL Config]: metadata: 2020-12-06 17:03:18.002--ServerSession(268322974)--Thread(Thread[Test worker,5,main])--The column name for element [totalMarks] is being defaulted to: TOTALMARKS.
[EL Config]: metadata: 2020-12-06 17:03:18.003--ServerSession(268322974)--Thread(Thread[Test worker,5,main])--The column name for element [blockOrder] is being defaulted to: BLOCKORDER.
[EL Config]: metadata: 2020-12-06 17:03:18.003--ServerSession(268322974)--Thread(Thread[Test worker,5,main])--The column name for element [blockSize] is being defaulted to: BLOCKSIZE.
[EL Config]: metadata: 2020-12-06 17:03:18.004--ServerSession(268322974)--Thread(Thread[Test worker,5,main])--The column name for element [txSize] is being defaulted to: TXSIZE.
[EL Config]: metadata: 2020-12-06 17:03:18.004--ServerSession(268322974)--Thread(Thread[Test worker,5,main])--The column name for element [numBlocks] is being defaulted to: NUMBLOCKS.
[EL Config]: metadata: 2020-12-06 17:03:18.005--ServerSession(268322974)--Thread(Thread[Test worker,5,main])--The column name for element [runMax] is being defaulted to: RUNMAX.
[EL Config]: metadata: 2020-12-06 17:03:18.005--ServerSession(268322974)--Thread(Thread[Test worker,5,main])--The column name for element [startTime] is being defaulted to: STARTTIME.
[EL Config]: metadata: 2020-12-06 17:03:18.008--ServerSession(268322974)--Thread(Thread[Test worker,5,main])--The column name for element [id] is being defaulted to: ID.
[EL Config]: metadata: 2020-12-06 17:03:18.009--ServerSession(268322974)--Thread(Thread[Test worker,5,main])--The column name for element [endTime] is being defaulted to: ENDTIME.
[EL Info]: 2020-12-06 17:03:18.45--ServerSession(268322974)--Thread(Thread[Test worker,5,main])--EclipseLink, version: Eclipse Persistence Services - 2.7.5.v20191016-ea124dd158
[EL Fine]: connection: 2020-12-06 17:03:19.555--Thread(Thread[Test worker,5,main])--Detected database platform: org.eclipse.persistence.platform.database.JavaDBPlatform
[EL Config]: connection: 2020-12-06 17:03:19.578--ServerSession(268322974)--Connection(1908038777)--Thread(Thread[Test worker,5,main])--connecting(DatabaseLogin(
	platform=>JavaDBPlatform
	user name=> ""
	datasource URL=> "jdbc:derby:derbyDB;create=true"
))
[EL Config]: connection: 2020-12-06 17:03:19.584--ServerSession(268322974)--Connection(383863133)--Thread(Thread[Test worker,5,main])--Connected: jdbc:derby:derbyDB
	User: APP
	Database: Apache Derby  Version: 10.13.1.1 - (1765088)
	Driver: Apache Derby Embedded JDBC Driver  Version: 10.13.1.1 - (1765088)
[EL Info]: connection: 2020-12-06 17:03:19.833--ServerSession(268322974)--Thread(Thread[Test worker,5,main])--/file:/C:/Users/shalo/Documents/School/ComputerMethodology/Homeworks/BadBM/lcmbadbm/build/classes/java/main/_jDiskMarkPU login successful
[EL Fine]: sql: 2020-12-06 17:03:20.605--ClientSession(1975382228)--Connection(383863133)--Thread(Thread[Test worker,5,main])--INSERT INTO DiskRun (BLOCKORDER, BLOCKSIZE, DISKINFO, ENDTIME, IOMODE, NUMBLOCKS, NUMMARKS, RUNAVG, RUNMAX, RUNMIN, STARTTIME, TOTALMARKS, TXSIZE) VALUES (?, ?, ?, ?, ?, ?, ?, ?, ?, ?, ?, ?, ?)
	bind => [0, 128, TOSHIBA MQ04ABF100      , 2020-12-06 17:03:16.642, 1, 256, 1, 79.63198080072942, 79.63198080072942, 79.63198080072942, 2020-12-06 17:03:12.557, 0, 32768]
[EL Fine]: sql: 2020-12-06 17:03:20.727--ClientSession(1975382228)--Connection(383863133)--Thread(Thread[Test worker,5,main])--values IDENTITY_VAL_LOCAL()
Config for Java Disk Mark 0.4
readTest: true
writeTest: false
locationDir: D:\Users\Shalom
multiFile: true
autoRemoveData: false
autoReset: true
blockSequence: SEQUENTIAL
showMaxMin: true
numOfFiles: 5
numOfBlocks: 256
blockSizeKb: 128

os: Windows 10

DiskModel               DriveLetter
---------               -----------
SanDisk SD9SN8W128G1002 C:         
TOSHIBA MQ04ABF100      D:         
model is: TOSHIBA MQ04ABF100      
[EL Fine]: sql: 2020-12-06 17:03:23.027--ClientSession(1975382228)--Connection(383863133)--Thread(Thread[Test worker,5,main])--INSERT INTO DiskRun (BLOCKORDER, BLOCKSIZE, DISKINFO, ENDTIME, IOMODE, NUMBLOCKS, NUMMARKS, RUNAVG, RUNMAX, RUNMIN, STARTTIME, TOTALMARKS, TXSIZE) VALUES (?, ?, ?, ?, ?, ?, ?, ?, ?, ?, ?, ?, ?)
	bind => [0, 128, TOSHIBA MQ04ABF100      , 2020-12-06 17:03:23.026, 0, 256, 1, 782.3941750753665, 782.3941750753665, 782.3941750753665, 2020-12-06 17:03:20.881, 0, 32768]
[EL Fine]: sql: 2020-12-06 17:03:23.03--ClientSession(1975382228)--Connection(383863133)--Thread(Thread[Test worker,5,main])--values IDENTITY_VAL_LOCAL()
]]></system-out>
  <system-err><![CDATA[]]></system-err>
</testsuite>
