<?xml version="1.0" encoding="UTF-8"?>
<testsuite name="edu.touro.mco152.bm.AppTest" tests="4" skipped="0" failures="0" errors="0" timestamp="2020-12-06T15:03:11" hostname="FALCON-HEAVY" time="0.072">
  <properties/>
  <testcase name="testTargetMarkSizeKb()" classname="edu.touro.mco152.bm.AppTest" time="0.058"/>
  <testcase name="testGetVersion()" classname="edu.touro.mco152.bm.AppTest" time="0.004"/>
  <testcase name="testTargetMarkSizeKBPerformance()" classname="edu.touro.mco152.bm.AppTest" time="0.002"/>
  <testcase name="testGetVersionWrong()" classname="edu.touro.mco152.bm.AppTest" time="0.004"/>
  <system-out><![CDATA[]]></system-out>
  <system-err><![CDATA[]]></system-err>
</testsuite>
